app/build/outputs/logs/manifest-merger-debug-report.txt
-- Merging decision tree log ---
manifest
ADDED from src\main\AndroidManifest.xml:2:1-124:12
	package
		ADDED from src\main\AndroidManifest.xml:3:5-48
		INJECTED from src\main\AndroidManifest.xml
		INJECTED from src\main\AndroidManifest.xml
	android:versionName
		INJECTED from src\main\AndroidManifest.xml
		INJECTED from src\main\AndroidManifest.xml
	xmlns:android
		ADDED from src\main\AndroidManifest.xml:2:11-69
	android:versionCode
		INJECTED from src\main\AndroidManifest.xml
		INJECTED from src\main\AndroidManifest.xml
uses-permission#android.permission.VIBRATE
ADDED from src\main\AndroidManifest.xml:5:5-66
	android:name
		ADDED from src\main\AndroidManifest.xml:5:22-63
uses-permission#android.permission.WRITE_EXTERNAL_STORAGE
ADDED from src\main\AndroidManifest.xml:6:5-81
	android:name
		ADDED from src\main\AndroidManifest.xml:6:22-78
uses-permission#android.permission.READ_PHONE_STATE
ADDED from src\main\AndroidManifest.xml:7:5-75
	android:name
		ADDED from src\main\AndroidManifest.xml:7:22-72
uses-permission#android.permission.CHANGE_NETWORK_STATE
ADDED from src\main\AndroidManifest.xml:8:5-79
	android:name
		ADDED from src\main\AndroidManifest.xml:8:22-76
uses-permission#android.permission.ACCESS_FINE_LOCATION
ADDED from src\main\AndroidManifest.xml:9:5-79
	android:name
		ADDED from src\main\AndroidManifest.xml:9:22-76
uses-permission#android.permission.ACCESS_COARSE_LOCATION
ADDED from src\main\AndroidManifest.xml:10:5-80
	android:name
		ADDED from src\main\AndroidManifest.xml:10:22-78
uses-permission#android.permission.INTERNET
ADDED from src\main\AndroidManifest.xml:11:5-67
	android:name
		ADDED from src\main\AndroidManifest.xml:11:22-64
uses-permission#android.permission.SYSTEM_ALERT_WINDOW
ADDED from src\main\AndroidManifest.xml:12:5-78
	android:name
		ADDED from src\main\AndroidManifest.xml:12:22-75
uses-permission#android.permission.CHANGE_WIFI_STATE
ADDED from src\main\AndroidManifest.xml:13:5-76
	android:name
		ADDED from src\main\AndroidManifest.xml:13:22-73
uses-permission#android.permission.ACCESS_NETWORK_STATE
ADDED from src\main\AndroidManifest.xml:15:5-79
	android:name
		ADDED from src\main\AndroidManifest.xml:15:22-76
application
ADDED from src\main\AndroidManifest.xml:19:5-122:19
MERGED from [com.android.support:appcompat-v7:23.0.1] AndroidManifest.xml:22:5-20
MERGED from [com.android.support:support-v4:23.0.1] AndroidManifest.xml:22:5-20
	android:label
		ADDED from src\main\AndroidManifest.xml:22:9-41
	android:allowBackup
		ADDED from src\main\AndroidManifest.xml:20:9-35
	android:icon
		ADDED from src\main\AndroidManifest.xml:21:9-43
	android:theme
		ADDED from src\main\AndroidManifest.xml:23:9-40
activity#com.example.zorawar.myapplication.MainActivity
ADDED from src\main\AndroidManifest.xml:24:9-32:20
	android:label
		ADDED from src\main\AndroidManifest.xml:26:13-45
	android:name
		ADDED from src\main\AndroidManifest.xml:25:13-41
intent-filter#android.intent.action.MAIN+android.intent.category.LAUNCHER
ADDED from src\main\AndroidManifest.xml:27:13-31:29
action#android.intent.action.MAIN
ADDED from src\main\AndroidManifest.xml:28:17-69
	android:name
		ADDED from src\main\AndroidManifest.xml:28:25-66
category#android.intent.category.LAUNCHER
ADDED from src\main\AndroidManifest.xml:30:17-77
	android:name
		ADDED from src\main\AndroidManifest.xml:30:27-74
activity#com.example.zorawar.myapplication.mot11
ADDED from src\main\AndroidManifest.xml:33:9-39:20
	android:name
		ADDED from src\main\AndroidManifest.xml:33:19-40
intent-filter#android.intent.category.DEFAULT+com.example.zorawar.myapplication.mot11
ADDED from src\main\AndroidManifest.xml:34:13-38:29
action#com.example.zorawar.myapplication.mot11
ADDED from src\main\AndroidManifest.xml:35:17-82
	android:name
		ADDED from src\main\AndroidManifest.xml:35:25-79
category#android.intent.category.DEFAULT
ADDED from src\main\AndroidManifest.xml:37:17-76
	android:name
		ADDED from src\main\AndroidManifest.xml:37:27-73
activity#com.example.zorawar.myapplication.mot12
ADDED from src\main\AndroidManifest.xml:40:9-46:20
	android:name
		ADDED from src\main\AndroidManifest.xml:40:19-40
intent-filter#android.intent.category.DEFAULT+com.example.zorawar.myapplication.mot12
ADDED from src\main\AndroidManifest.xml:41:13-45:29
action#com.example.zorawar.myapplication.mot12
ADDED from src\main\AndroidManifest.xml:42:17-82
	android:name
		ADDED from src\main\AndroidManifest.xml:42:25-79
activity#com.example.zorawar.myapplication.mot13
ADDED from src\main\AndroidManifest.xml:47:9-53:20
	android:name
		ADDED from src\main\AndroidManifest.xml:47:19-40
intent-filter#android.intent.category.DEFAULT+com.example.zorawar.myapplication.mot13
ADDED from src\main\AndroidManifest.xml:48:13-52:29
action#com.example.zorawar.myapplication.mot13
ADDED from src\main\AndroidManifest.xml:49:17-82
	android:name
		ADDED from src\main\AndroidManifest.xml:49:25-79
activity#com.example.zorawar.myapplication.sav11
ADDED from src\main\AndroidManifest.xml:54:9-60:20
	android:name
		ADDED from src\main\AndroidManifest.xml:54:19-40
intent-filter#android.intent.category.DEFAULT+com.example.zorawar.myapplication.sav11
ADDED from src\main\AndroidManifest.xml:55:13-59:29
action#com.example.zorawar.myapplication.sav11
ADDED from src\main\AndroidManifest.xml:56:17-82
	android:name
		ADDED from src\main\AndroidManifest.xml:56:25-79
activity#com.example.zorawar.myapplication.sav12
ADDED from src\main\AndroidManifest.xml:61:9-67:20
	android:name
		ADDED from src\main\AndroidManifest.xml:61:19-40
intent-filter#android.intent.category.DEFAULT+com.example.zorawar.myapplication.sav12
ADDED from src\main\AndroidManifest.xml:62:13-66:29
action#com.example.zorawar.myapplication.sav12
ADDED from src\main\AndroidManifest.xml:63:17-82
	android:name
		ADDED from src\main\AndroidManifest.xml:63:25-79
activity#com.example.zorawar.myapplication.test1
ADDED from src\main\AndroidManifest.xml:68:9-74:20
	android:name
		ADDED from src\main\AndroidManifest.xml:68:19-40
intent-filter#android.intent.category.DEFAULT+com.example.zorawar.myapplication.test1
ADDED from src\main\AndroidManifest.xml:69:13-73:29
action#com.example.zorawar.myapplication.test1
ADDED from src\main\AndroidManifest.xml:70:17-82
	android:name
		ADDED from src\main\AndroidManifest.xml:70:25-79
activity#com.example.zorawar.myapplication.test_data
ADDED from src\main\AndroidManifest.xml:75:9-81:20
	android:name
		ADDED from src\main\AndroidManifest.xml:75:19-44
intent-filter#android.intent.category.DEFAULT+com.example.zorawar.myapplication.test_data
ADDED from src\main\AndroidManifest.xml:76:13-80:29
action#com.example.zorawar.myapplication.test_data
ADDED from src\main\AndroidManifest.xml:77:17-86
	android:name
		ADDED from src\main\AndroidManifest.xml:77:25-83
activity#com.example.zorawar.myapplication.alt11
ADDED from src\main\AndroidManifest.xml:82:9-88:20
	android:name
		ADDED from src\main\AndroidManifest.xml:82:19-40
intent-filter#android.intent.category.DEFAULT+com.example.zorawar.myapplication.alt11
ADDED from src\main\AndroidManifest.xml:83:13-87:29
action#com.example.zorawar.myapplication.alt11
ADDED from src\main\AndroidManifest.xml:84:17-82
	android:name
		ADDED from src\main\AndroidManifest.xml:84:25-79
activity#com.example.zorawar.myapplication.but_alarm11
ADDED from src\main\AndroidManifest.xml:89:9-97:20
	android:label
		ADDED from src\main\AndroidManifest.xml:91:13-63
	android:name
		ADDED from src\main\AndroidManifest.xml:90:13-40
intent-filter#android.intent.category.DEFAULT+com.example.zorawar.myapplication.but_alarm11
ADDED from src\main\AndroidManifest.xml:92:13-96:29
action#com.example.zorawar.myapplication.but_alarm11
ADDED from src\main\AndroidManifest.xml:93:17-88
	android:name
		ADDED from src\main\AndroidManifest.xml:93:25-85
activity#com.example.zorawar.myapplication.but_alarm12
ADDED from src\main\AndroidManifest.xml:98:9-106:20
	android:label
		ADDED from src\main\AndroidManifest.xml:100:13-63
	android:name
		ADDED from src\main\AndroidManifest.xml:99:13-40
intent-filter#android.intent.category.DEFAULT+com.example.zorawar.myapplication.but_alarm12
ADDED from src\main\AndroidManifest.xml:101:13-105:29
action#com.example.zorawar.myapplication.but_alarm12
ADDED from src\main\AndroidManifest.xml:102:17-88
	android:name
		ADDED from src\main\AndroidManifest.xml:102:25-85
activity#com.example.zorawar.myapplication.pro51
ADDED from src\main\AndroidManifest.xml:108:9-114:20
	android:name
		ADDED from src\main\AndroidManifest.xml:108:19-40
intent-filter#android.intent.category.DEFAULT+com.example.zorawar.myapplication.pro51
ADDED from src\main\AndroidManifest.xml:109:13-113:29
action#com.example.zorawar.myapplication.pro51
ADDED from src\main\AndroidManifest.xml:110:17-82
	android:name
		ADDED from src\main\AndroidManifest.xml:110:25-79
service#com.example.zorawar.myapplication.Service_pro
ADDED from src\main\AndroidManifest.xml:116:9-47
	android:name
		ADDED from src\main\AndroidManifest.xml:116:18-45
service#com.example.zorawar.myapplication.Service_sav
ADDED from src\main\AndroidManifest.xml:117:9-48
	android:name
		ADDED from src\main\AndroidManifest.xml:117:18-45
service#com.example.zorawar.myapplication.Service_incalarm
ADDED from src\main\AndroidManifest.xml:118:9-53
	android:name
		ADDED from src\main\AndroidManifest.xml:118:18-50
uses-sdk
INJECTED from src\main\AndroidManifest.xml reason: use-sdk injection requested
MERGED from [com.android.support:appcompat-v7:23.0.1] AndroidManifest.xml:20:5-43
MERGED from [com.android.support:support-v4:23.0.1] AndroidManifest.xml:20:5-43
	android:targetSdkVersion
		INJECTED from src\main\AndroidManifest.xml
		INJECTED from src\main\AndroidManifest.xml
	android:minSdkVersion
		INJECTED from src\main\AndroidManifest.xml
		INJECTED from src\main\AndroidManifest.xml